  GameFunctions.cpp
C:\Users\starf\OneDrive\CS201R-Assignments\TN 201R Program 4\GameFunctions.cpp(17,24): warning C4566: character represented by universal-character-name '\u2667' cannot be represented in the current code page (1252)
C:\Users\starf\OneDrive\CS201R-Assignments\TN 201R Program 4\GameFunctions.cpp(20,24): warning C4566: character represented by universal-character-name '\u2667' cannot be represented in the current code page (1252)
C:\Users\starf\OneDrive\CS201R-Assignments\TN 201R Program 4\GameFunctions.cpp(23,24): warning C4566: character represented by universal-character-name '\u2667' cannot be represented in the current code page (1252)
C:\Users\starf\OneDrive\CS201R-Assignments\TN 201R Program 4\GameFunctions.cpp(26,24): warning C4566: character represented by universal-character-name '\u2667' cannot be represented in the current code page (1252)
C:\Users\starf\OneDrive\CS201R-Assignments\TN 201R Program 4\GameFunctions.cpp(29,24): warning C4566: character represented by universal-character-name '\u2667' cannot be represented in the current code page (1252)
C:\Users\starf\OneDrive\CS201R-Assignments\TN 201R Program 4\GameFunctions.cpp(32,24): warning C4566: character represented by universal-character-name '\u2667' cannot be represented in the current code page (1252)
C:\Users\starf\OneDrive\CS201R-Assignments\TN 201R Program 4\GameFunctions.cpp(35,24): warning C4566: character represented by universal-character-name '\u2667' cannot be represented in the current code page (1252)
C:\Users\starf\OneDrive\CS201R-Assignments\TN 201R Program 4\GameFunctions.cpp(38,24): warning C4566: character represented by universal-character-name '\u2667' cannot be represented in the current code page (1252)
C:\Users\starf\OneDrive\CS201R-Assignments\TN 201R Program 4\GameFunctions.cpp(41,24): warning C4566: character represented by universal-character-name '\u2667' cannot be represented in the current code page (1252)
C:\Users\starf\OneDrive\CS201R-Assignments\TN 201R Program 4\GameFunctions.cpp(44,24): warning C4566: character represented by universal-character-name '\u2667' cannot be represented in the current code page (1252)
C:\Users\starf\OneDrive\CS201R-Assignments\TN 201R Program 4\GameFunctions.cpp(47,25): warning C4566: character represented by universal-character-name '\u2667' cannot be represented in the current code page (1252)
C:\Users\starf\OneDrive\CS201R-Assignments\TN 201R Program 4\GameFunctions.cpp(50,25): warning C4566: character represented by universal-character-name '\u2667' cannot be represented in the current code page (1252)
C:\Users\starf\OneDrive\CS201R-Assignments\TN 201R Program 4\GameFunctions.cpp(53,25): warning C4566: character represented by universal-character-name '\u2667' cannot be represented in the current code page (1252)
C:\Users\starf\OneDrive\CS201R-Assignments\TN 201R Program 4\GameFunctions.cpp(56,25): warning C4566: character represented by universal-character-name '\u2666' cannot be represented in the current code page (1252)
C:\Users\starf\OneDrive\CS201R-Assignments\TN 201R Program 4\GameFunctions.cpp(59,25): warning C4566: character represented by universal-character-name '\u2666' cannot be represented in the current code page (1252)
C:\Users\starf\OneDrive\CS201R-Assignments\TN 201R Program 4\GameFunctions.cpp(62,25): warning C4566: character represented by universal-character-name '\u2666' cannot be represented in the current code page (1252)
C:\Users\starf\OneDrive\CS201R-Assignments\TN 201R Program 4\GameFunctions.cpp(65,25): warning C4566: character represented by universal-character-name '\u2666' cannot be represented in the current code page (1252)
C:\Users\starf\OneDrive\CS201R-Assignments\TN 201R Program 4\GameFunctions.cpp(68,25): warning C4566: character represented by universal-character-name '\u2666' cannot be represented in the current code page (1252)
C:\Users\starf\OneDrive\CS201R-Assignments\TN 201R Program 4\GameFunctions.cpp(71,25): warning C4566: character represented by universal-character-name '\u2666' cannot be represented in the current code page (1252)
C:\Users\starf\OneDrive\CS201R-Assignments\TN 201R Program 4\GameFunctions.cpp(74,25): warning C4566: character represented by universal-character-name '\u2666' cannot be represented in the current code page (1252)
C:\Users\starf\OneDrive\CS201R-Assignments\TN 201R Program 4\GameFunctions.cpp(77,25): warning C4566: character represented by universal-character-name '\u2666' cannot be represented in the current code page (1252)
C:\Users\starf\OneDrive\CS201R-Assignments\TN 201R Program 4\GameFunctions.cpp(80,25): warning C4566: character represented by universal-character-name '\u2666' cannot be represented in the current code page (1252)
C:\Users\starf\OneDrive\CS201R-Assignments\TN 201R Program 4\GameFunctions.cpp(83,25): warning C4566: character represented by universal-character-name '\u2666' cannot be represented in the current code page (1252)
C:\Users\starf\OneDrive\CS201R-Assignments\TN 201R Program 4\GameFunctions.cpp(86,25): warning C4566: character represented by universal-character-name '\u2666' cannot be represented in the current code page (1252)
C:\Users\starf\OneDrive\CS201R-Assignments\TN 201R Program 4\GameFunctions.cpp(89,25): warning C4566: character represented by universal-character-name '\u2666' cannot be represented in the current code page (1252)
C:\Users\starf\OneDrive\CS201R-Assignments\TN 201R Program 4\GameFunctions.cpp(92,25): warning C4566: character represented by universal-character-name '\u2666' cannot be represented in the current code page (1252)
C:\Users\starf\OneDrive\CS201R-Assignments\TN 201R Program 4\GameFunctions.cpp(95,25): warning C4566: character represented by universal-character-name '\u2665' cannot be represented in the current code page (1252)
C:\Users\starf\OneDrive\CS201R-Assignments\TN 201R Program 4\GameFunctions.cpp(98,25): warning C4566: character represented by universal-character-name '\u2665' cannot be represented in the current code page (1252)
C:\Users\starf\OneDrive\CS201R-Assignments\TN 201R Program 4\GameFunctions.cpp(101,25): warning C4566: character represented by universal-character-name '\u2665' cannot be represented in the current code page (1252)
C:\Users\starf\OneDrive\CS201R-Assignments\TN 201R Program 4\GameFunctions.cpp(104,25): warning C4566: character represented by universal-character-name '\u2665' cannot be represented in the current code page (1252)
C:\Users\starf\OneDrive\CS201R-Assignments\TN 201R Program 4\GameFunctions.cpp(107,25): warning C4566: character represented by universal-character-name '\u2665' cannot be represented in the current code page (1252)
C:\Users\starf\OneDrive\CS201R-Assignments\TN 201R Program 4\GameFunctions.cpp(110,25): warning C4566: character represented by universal-character-name '\u2665' cannot be represented in the current code page (1252)
C:\Users\starf\OneDrive\CS201R-Assignments\TN 201R Program 4\GameFunctions.cpp(113,25): warning C4566: character represented by universal-character-name '\u2665' cannot be represented in the current code page (1252)
C:\Users\starf\OneDrive\CS201R-Assignments\TN 201R Program 4\GameFunctions.cpp(116,25): warning C4566: character represented by universal-character-name '\u2665' cannot be represented in the current code page (1252)
C:\Users\starf\OneDrive\CS201R-Assignments\TN 201R Program 4\GameFunctions.cpp(119,25): warning C4566: character represented by universal-character-name '\u2665' cannot be represented in the current code page (1252)
C:\Users\starf\OneDrive\CS201R-Assignments\TN 201R Program 4\GameFunctions.cpp(122,25): warning C4566: character represented by universal-character-name '\u2665' cannot be represented in the current code page (1252)
C:\Users\starf\OneDrive\CS201R-Assignments\TN 201R Program 4\GameFunctions.cpp(125,25): warning C4566: character represented by universal-character-name '\u2665' cannot be represented in the current code page (1252)
C:\Users\starf\OneDrive\CS201R-Assignments\TN 201R Program 4\GameFunctions.cpp(128,25): warning C4566: character represented by universal-character-name '\u2665' cannot be represented in the current code page (1252)
C:\Users\starf\OneDrive\CS201R-Assignments\TN 201R Program 4\GameFunctions.cpp(131,25): warning C4566: character represented by universal-character-name '\u2665' cannot be represented in the current code page (1252)
C:\Users\starf\OneDrive\CS201R-Assignments\TN 201R Program 4\GameFunctions.cpp(134,25): warning C4566: character represented by universal-character-name '\u2664' cannot be represented in the current code page (1252)
C:\Users\starf\OneDrive\CS201R-Assignments\TN 201R Program 4\GameFunctions.cpp(137,25): warning C4566: character represented by universal-character-name '\u2664' cannot be represented in the current code page (1252)
C:\Users\starf\OneDrive\CS201R-Assignments\TN 201R Program 4\GameFunctions.cpp(140,25): warning C4566: character represented by universal-character-name '\u2664' cannot be represented in the current code page (1252)
C:\Users\starf\OneDrive\CS201R-Assignments\TN 201R Program 4\GameFunctions.cpp(143,25): warning C4566: character represented by universal-character-name '\u2664' cannot be represented in the current code page (1252)
C:\Users\starf\OneDrive\CS201R-Assignments\TN 201R Program 4\GameFunctions.cpp(146,25): warning C4566: character represented by universal-character-name '\u2664' cannot be represented in the current code page (1252)
C:\Users\starf\OneDrive\CS201R-Assignments\TN 201R Program 4\GameFunctions.cpp(149,25): warning C4566: character represented by universal-character-name '\u2664' cannot be represented in the current code page (1252)
C:\Users\starf\OneDrive\CS201R-Assignments\TN 201R Program 4\GameFunctions.cpp(152,25): warning C4566: character represented by universal-character-name '\u2664' cannot be represented in the current code page (1252)
C:\Users\starf\OneDrive\CS201R-Assignments\TN 201R Program 4\GameFunctions.cpp(155,25): warning C4566: character represented by universal-character-name '\u2664' cannot be represented in the current code page (1252)
C:\Users\starf\OneDrive\CS201R-Assignments\TN 201R Program 4\GameFunctions.cpp(158,25): warning C4566: character represented by universal-character-name '\u2664' cannot be represented in the current code page (1252)
C:\Users\starf\OneDrive\CS201R-Assignments\TN 201R Program 4\GameFunctions.cpp(161,25): warning C4566: character represented by universal-character-name '\u2664' cannot be represented in the current code page (1252)
C:\Users\starf\OneDrive\CS201R-Assignments\TN 201R Program 4\GameFunctions.cpp(164,25): warning C4566: character represented by universal-character-name '\u2664' cannot be represented in the current code page (1252)
C:\Users\starf\OneDrive\CS201R-Assignments\TN 201R Program 4\GameFunctions.cpp(167,25): warning C4566: character represented by universal-character-name '\u2664' cannot be represented in the current code page (1252)
C:\Users\starf\OneDrive\CS201R-Assignments\TN 201R Program 4\GameFunctions.cpp(170,25): warning C4566: character represented by universal-character-name '\u2664' cannot be represented in the current code page (1252)
C:\Users\starf\OneDrive\CS201R-Assignments\TN 201R Program 4\GameFunctions.cpp(177,33): warning C4267: 'initializing': conversion from 'size_t' to 'int', possible loss of data
C:\Users\starf\OneDrive\CS201R-Assignments\TN 201R Program 4\GameFunctions.cpp(180,19): warning C4244: 'argument': conversion from 'time_t' to 'unsigned int', possible loss of data
C:\Users\starf\OneDrive\CS201R-Assignments\TN 201R Program 4\GameFunctions.cpp(192,26): warning C4566: character represented by universal-character-name '\u2666' cannot be represented in the current code page (1252)
C:\Users\starf\OneDrive\CS201R-Assignments\TN 201R Program 4\GameFunctions.cpp(192,54): warning C4566: character represented by universal-character-name '\u2665' cannot be represented in the current code page (1252)
C:\Users\starf\OneDrive\CS201R-Assignments\TN 201R Program 4\GameFunctions.cpp(321,12): warning C4244: 'argument': conversion from 'time_t' to 'unsigned int', possible loss of data
C:\Users\starf\OneDrive\CS201R-Assignments\TN 201R Program 4\GameFunctions.cpp(398,12): warning C4244: 'argument': conversion from 'time_t' to 'unsigned int', possible loss of data
  TN 201R Program 4.vcxproj -> C:\Users\starf\OneDrive\CS201R-Assignments\TN 201R Program 4\x64\Debug\TN 201R Program 4.exe
